<?xml version="1.0" encoding="UTF-8"?>
<!-- Generated by org.testng.reporters.JUnitReportReporter -->
<testsuite hostname="IN-2TFWWT2" failures="0" tests="1" name="com.SwagLabs.testcasespackage.UserLoginTestCase" time="13.296" errors="0" timestamp="2022-07-11T23:19:37 IST" skipped="0">
  <testcase classname="com.SwagLabs.testcasespackage.UserLoginTestCase" name="userLoginTestcaseSwagLab" time="13.296"/>
  <system-out/>
</testsuite> <!-- com.SwagLabs.testcasespackage.UserLoginTestCase -->
