<?xml version="1.0" encoding="UTF-8"?>
<!-- Generated by org.testng.reporters.JUnitReportReporter -->
<testsuite hostname="IN-2TFWWT2" failures="0" tests="1" name="com.SwagLabs.testcasespackage.AddingProductTestCase" time="10.397" errors="0" timestamp="2022-07-12T23:16:43 IST" skipped="0">
  <testcase classname="com.SwagLabs.testcasespackage.AddingProductTestCase" name="addProductToCartTestCase" time="10.397"/>
  <system-out/>
</testsuite> <!-- com.SwagLabs.testcasespackage.AddingProductTestCase -->
