<?xml version="1.0" encoding="UTF-8"?>
<!-- Generated by org.testng.reporters.JUnitReportReporter -->
<testsuite hostname="IN-2TFWWT2" failures="0" tests="2" name="com.SwagLabs.testcasespackage.UserInfoPageTestCase" time="30.803" errors="0" timestamp="2022-07-14T23:36:01 IST" skipped="0">
  <testcase classname="com.SwagLabs.testcasespackage.UserInfoPageTestCase" name="checkOutPageTestCase" time="16.444"/>
  <system-out/>
  <testcase classname="com.SwagLabs.testcasespackage.UserInfoPageTestCase" name="checkOutPageTestCase" time="14.359"/>
  <system-out/>
</testsuite> <!-- com.SwagLabs.testcasespackage.UserInfoPageTestCase -->
