<?xml version="1.0" encoding="UTF-8"?>
<!-- Generated by org.testng.reporters.JUnitReportReporter -->
<testsuite hostname="IN-2TFWWT2" failures="0" tests="1" name="com.SwagLabs.testcasespackage.CheckoutPageTestCase" time="10.996" errors="0" timestamp="2022-07-13T22:39:13 IST" skipped="0">
  <testcase classname="com.SwagLabs.testcasespackage.CheckoutPageTestCase" name="checkOutPageTestCase" time="10.996"/>
  <system-out/>
</testsuite> <!-- com.SwagLabs.testcasespackage.CheckoutPageTestCase -->
