<?xml version="1.0" encoding="UTF-8"?>
<!-- Generated by org.testng.reporters.JUnitReportReporter -->
<testsuite hostname="IN-2TFWWT2" failures="0" tests="2" name="com.SwagLabs.testcasespackage.CostVerificationTestCase" time="37.369" errors="0" timestamp="2022-07-19T22:48:26 IST" skipped="0">
  <testcase classname="com.SwagLabs.testcasespackage.CostVerificationTestCase" name="checkOutPageTestCase" time="19.780"/>
  <system-out/>
  <testcase classname="com.SwagLabs.testcasespackage.CostVerificationTestCase" name="checkOutPageTestCase" time="17.589"/>
  <system-out/>
</testsuite> <!-- com.SwagLabs.testcasespackage.CostVerificationTestCase -->
